Starting /opt/oracle/product/19c/dbhome_1/bin/tnslsnr: please wait...


TNSLSNR for Linux: Version 19.0.0.0.0 - Production

System parameter file is /opt/oracle/product/19c/dbhome_1/network/admin/listener.ora

Log messages written to /opt/oracle/diag/tnslsnr/6303780f4b53/listener/alert/log.xml

Listening on: (DESCRIPTION=(ADDRESS=(PROTOCOL=ipc)(KEY=EXTPROC1)))

Listening on: (DESCRIPTION=(ADDRESS=(PROTOCOL=tcp)(HOST=0.0.0.0)(PORT=1521)))


Connecting to (DESCRIPTION=(ADDRESS=(PROTOCOL=IPC)(KEY=EXTPROC1)))

STATUS of the LISTENER

------------------------

Alias                     LISTENER

Version                   TNSLSNR for Linux: Version 19.0.0.0.0 - Production

Start Date                04-MAR-2022 14:30:22

Uptime                    0 days 0 hr. 0 min. 0 sec

Trace Level               off

Security                  ON: Local OS Authentication

SNMP                      OFF

Listener Parameter File   /opt/oracle/product/19c/dbhome_1/network/admin/listener.ora

Listener Log File         /opt/oracle/diag/tnslsnr/6303780f4b53/listener/alert/log.xml

Listening Endpoints Summary...

  (DESCRIPTION=(ADDRESS=(PROTOCOL=ipc)(KEY=EXTPROC1)))

  (DESCRIPTION=(ADDRESS=(PROTOCOL=tcp)(HOST=0.0.0.0)(PORT=1521)))

The listener supports no services

The command completed successfully

[WARNING] [DBT-06208] The 'SYS' password entered does not conform to the Oracle recommended standards.

   CAUSE:

a. Oracle recommends that the password entered should be at least 8 characters in length, contain at least 1 uppercase character, 1 lower case character and 1 digit [0-9].

b.The password entered is a keyword that Oracle does not recommend to be used as password

   ACTION: Specify a strong password. If required refer Oracle documentation for guidelines.

[WARNING] [DBT-06208] The 'SYSTEM' password entered does not conform to the Oracle recommended standards.

   CAUSE:

a. Oracle recommends that the password entered should be at least 8 characters in length, contain at least 1 uppercase character, 1 lower case character and 1 digit [0-9].

b.The password entered is a keyword that Oracle does not recommend to be used as password

   ACTION: Specify a strong password. If required refer Oracle documentation for guidelines.

[WARNING] [DBT-06208] The 'PDBADMIN' password entered does not conform to the Oracle recommended standards.

   CAUSE:

a. Oracle recommends that the password entered should be at least 8 characters in length, contain at least 1 uppercase character, 1 lower case character and 1 digit [0-9].

b.The password entered is a keyword that Oracle does not recommend to be used as password

   ACTION: Specify a strong password. If required refer Oracle documentation for guidelines.

Prepare for db operation

8% complete

Copying database files

31% complete

Creating and starting Oracle instance

32% complete

36% complete

[WARNING] ORA-12721: operation cannot execute when other sessions are active


40% complete

43% complete

46% complete

Completing Database Creation

51% complete

54% complete

Creating Pluggable Databases

58% complete

77% complete

Executing Post Configuration Actions

100% complete

Database creation complete. For details check the logfiles at:

 /opt/oracle/cfgtoollogs/dbca/ORCLCDB.

Database Information:

Global Database Name:ORCLCDB

System Identifier(SID):ORCLCDB

Look at the log file "/opt/oracle/cfgtoollogs/dbca/ORCLCDB/ORCLCDB.log" for further details.

[ 2022-03-04 14:30:27.716 UTC ] [WARNING] [DBT-06208] The 'SYS' password entered does not conform to the Oracle recommended standards.

[ 2022-03-04 14:30:27.716 UTC ] [WARNING] [DBT-06208] The 'SYSTEM' password entered does not conform to the Oracle recommended standards.

[ 2022-03-04 14:30:27.716 UTC ] [WARNING] [DBT-06208] The 'PDBADMIN' password entered does not conform to the Oracle recommended standards.

[ 2022-03-04 14:30:29.210 UTC ] Prepare for db operation

DBCA_PROGRESS : 8%

[ 2022-03-04 14:30:29.295 UTC ] Copying database files

DBCA_PROGRESS : 31%

[ 2022-03-04 14:31:36.412 UTC ] Creating and starting Oracle instance

DBCA_PROGRESS : 32%

DBCA_PROGRESS : 36%

[ 2022-03-04 14:37:32.483 UTC ] [WARNING] ORA-12721: operation cannot execute when other sessions are active


DBCA_PROGRESS : 40%

DBCA_PROGRESS : 43%

DBCA_PROGRESS : 46%

[ 2022-03-04 14:38:15.581 UTC ] Completing Database Creation

DBCA_PROGRESS : 51%

DBCA_PROGRESS : 54%

[ 2022-03-04 14:42:31.895 UTC ] Creating Pluggable Databases

DBCA_PROGRESS : 58%

DBCA_PROGRESS : 77%

[ 2022-03-04 14:42:48.061 UTC ] Executing Post Configuration Actions

DBCA_PROGRESS : 100%

[ 2022-03-04 14:42:48.062 UTC ] Database creation complete. For details check the logfiles at:

 /opt/oracle/cfgtoollogs/dbca/ORCLCDB.

Database Information:

Global Database Name:ORCLCDB

System Identifier(SID):ORCLCDB


SQL*Plus: Release 19.0.0.0.0 - Production on Fri Mar 4 14:42:48 2022

Version 19.3.0.0.0


Copyright (c) 1982, 2019, Oracle.  All rights reserved.



Connected to:

Oracle Database 19c Enterprise Edition Release 19.0.0.0.0 - Production

Version 19.3.0.0.0


SQL>

System altered.


SQL>

System altered.


SQL>

Pluggable database altered.


SQL>

PL/SQL procedure successfully completed.


SQL> SQL>

Session altered.


SQL>

User created.


SQL>

Grant succeeded.


SQL>

Grant succeeded.


SQL>

Grant succeeded.


SQL>

User altered.


SQL> SQL> Disconnected from Oracle Database 19c Enterprise Edition Release 19.0.0.0.0 - Production

Version 19.3.0.0.0

The Oracle base remains unchanged with value /opt/oracle

The Oracle base remains unchanged with value /opt/oracle

#########################

DATABASE IS READY TO USE!

#########################

The following output is now a tail of the alert.log:

ORCL(3):

ORCL(3):XDB initialized.

2022-03-04T14:42:48.473377+00:00

ALTER SYSTEM SET control_files='/opt/oracle/oradata/ORCLCDB/control01.ctl' SCOPE=SPFILE;

2022-03-04T14:42:48.477515+00:00

ALTER SYSTEM SET local_listener='' SCOPE=BOTH;

   ALTER PLUGGABLE DATABASE ORCL SAVE STATE

Completed:    ALTER PLUGGABLE DATABASE ORCL SAVE STATE


XDB initialized.

Search...
Stick to bottom